
==================================================
Initializing with parameters: (np.float64(2.5101816846680856), np.float64(0.6696102743650381), np.float64(0.4081674979918052), np.float64(541.6199488779705), 1.0, 0.5, 0.5)
==================================================

Step    0: Loss=0.023284, Best Loss=0.023284, Grad Norm=1.86e-01
Parameters: L0=2.4589, A=0.6193, alpha=0.4131, B=541.2992, C=0.9495, beta=0.4950, gamma=0.4950

Step   10: Loss=0.002638, Best Loss=0.002638, Grad Norm=9.98e-02
Parameters: L0=2.3980, A=0.5946, alpha=0.4271, B=538.5773, C=1.1048, beta=0.5011, gamma=0.5102

Step   20: Loss=0.002185, Best Loss=0.000889, Grad Norm=1.72e-01
Parameters: L0=2.3783, A=0.6383, alpha=0.4417, B=535.9416, C=1.3888, beta=0.5185, gamma=0.5413

Step   30: Loss=0.000775, Best Loss=0.000609, Grad Norm=6.36e-02
Parameters: L0=2.3676, A=0.6569, alpha=0.4469, B=533.3462, C=1.5801, beta=0.5335, gamma=0.5640

Step   40: Loss=0.000617, Best Loss=0.000529, Grad Norm=8.92e-02
Parameters: L0=2.3781, A=0.6442, alpha=0.4370, B=530.8172, C=1.6887, beta=0.5462, gamma=0.5788

Step   50: Loss=0.000434, Best Loss=0.000434, Grad Norm=6.23e-03
Parameters: L0=2.3757, A=0.6477, alpha=0.4349, B=528.3226, C=1.8187, beta=0.5629, gamma=0.5990

Step   60: Loss=0.000438, Best Loss=0.000434, Grad Norm=4.40e-02
Parameters: L0=2.3742, A=0.6503, alpha=0.4321, B=525.8624, C=1.9341, beta=0.5791, gamma=0.6183

Step   70: Loss=0.000408, Best Loss=0.000408, Grad Norm=1.41e-02
Parameters: L0=2.3747, A=0.6542, alpha=0.4288, B=523.4246, C=2.0246, beta=0.5935, gamma=0.6347

Step   80: Loss=0.000490, Best Loss=0.000408, Grad Norm=8.51e-02
Parameters: L0=2.3690, A=0.6556, alpha=0.4270, B=520.9817, C=2.0897, beta=0.6051, gamma=0.6476

Early stopping at step 90: No improvement for 20 steps.
Train Set Evaluation:
cosine_24000.csv
huber_loss: 0.0003374686660384351
mse_loss: 7.118526898616512e-05
rmse_loss: 0.008437136302452694
mae_loss: 0.007134635747302016
prede: 0.002477230546569608
worste: 0.006524578734619449
r2_score: 0.9978341875024536
constant_24000.csv
huber_loss: 3.6484165204519456e-05
mse_loss: 5.602568647489679e-06
rmse_loss: 0.0023669745768574867
mae_loss: 0.0016798181139306024
prede: 0.0005524166215723276
worste: 0.004359899459821139
r2_score: 0.999773151000956
wsdcon_9.csv
huber_loss: 0.00020303191993094197
mse_loss: 7.94698197404556e-05
rmse_loss: 0.008914584664495346
mae_loss: 0.006687303113921842
prede: 0.002284167325559805
worste: 0.011261904789980383
r2_score: 0.9975852087660065
Average Huber_loss: 0.00019232825039129883
Average Mse_loss: 5.208588579137014e-05
Average Rmse_loss: 0.006572898514601842
Average Mae_loss: 0.005167252325051486
Average Prede: 0.0017712714979005804
Average Worste: 0.007382127661473657
Average R2_score: 0.9983975157564721
--------------------------------------------------
Test Set Evaluation:
constant_72000.csv
huber_loss: 0.0005580009030088258
mse_loss: 2.930587082705941e-05
rmse_loss: 0.005413489708779302
mae_loss: 0.004118246255467222
prede: 0.0014536111526707563
worste: 0.010780075878373575
r2_score: 0.9983077567965678
cosine_72000.csv
huber_loss: 0.0008595838877564886
mse_loss: 4.7805818490227974e-05
rmse_loss: 0.006914175185098218
mae_loss: 0.005612616286574644
prede: 0.0020195537184056808
worste: 0.009096107299188116
r2_score: 0.9981136034955741
wsd_20000_24000.csv
huber_loss: 0.00021477544438116997
mse_loss: 6.401734041978753e-05
rmse_loss: 0.008001083702835981
mae_loss: 0.00470199637397302
prede: 0.0016505813618152504
worste: 0.007989191843878736
r2_score: 0.997763615530206
wsdld_20000_24000.csv
huber_loss: 0.00016206199810819654
mse_loss: 4.153365493072595e-05
rmse_loss: 0.00644466096321024
mae_loss: 0.003853553804033884
prede: 0.0013399705710043376
worste: 0.008746163299894728
r2_score: 0.9984929642328899
wsdcon_3.csv
huber_loss: 0.0002585562558117003
mse_loss: 0.00018154177322639428
rmse_loss: 0.013473743845954407
mae_loss: 0.008173606301309961
prede: 0.002777040062366243
worste: 0.01787760027869902
r2_score: 0.9943340045119303
wsdcon_18.csv
huber_loss: 4.872920955370947e-05
mse_loss: 1.2829105743040574e-05
rmse_loss: 0.00358177410552935
mae_loss: 0.002557951026756333
prede: 0.0008379363977556246
worste: 0.005198681450165323
r2_score: 0.9995643307133603
Average Huber_loss: 0.0003502846164366818
Average Mse_loss: 6.283892727287262e-05
Average Rmse_loss: 0.007304821251901249
Average Mae_loss: 0.0048363283413525105
Average Prede: 0.0016797822106696487
Average Worste: 0.009947970008366584
Average R2_score: 0.9977627125467547
--------------------------------------------------
Best Parameters: [array(2.37474466), array(0.65421216), array(0.42878731), array(523.42464371), array(2.02462735), array(0.59350493), array(0.63472457)]
Best Loss: 0.0004078412336202044
